
OptiFine_1.4.6_HD_A3
Sat Jan 05 16:05:42 EST 2013
OS: Windows 8 (amd64) version 6.2
Java: 1.7.0_10, Oracle Corporation
VM: Java HotSpot(TM) 64-Bit Server VM (mixed mode), Oracle Corporation
LWJGL: 2.4.2
OpenGL: GeForce GTX 580/PCIe/SSE2 version 4.2.0, NVIDIA Corporation
OpenGL Version: 4.0
TextureFX registered: ic2.core.TextureLiquidFX@160a4e66, texId: 11, index: 202
TextureFX registered: xcompwiz.mystcraft.client.TexturePortalFX@2f620dca, texId: 18, index: 15
TextureFX registered: bdj@f2d755, texId: 26, index: 237
TextureFX registered: bdm@5f057ce1, texId: 26, index: 205
TextureFX registered: bdk@6149c883, texId: 26, index: 14
TextureFX registered: bdf@6b573c5, texId: 27, index: 54
TextureFX registered: bde@591cee73, texId: 27, index: 70
TextureFX registered: bdl@580b4322, texId: 26, index: 206
TextureFX registered: bdi@4b649a56, texId: 26, index: 238
TextureFX registered: bdh@39d0aac5, texId: 26, index: 31
TextureFX registered: bdh@327b892a, texId: 26, index: 47
TextureFX removed: bdj@f2d755, texId: 26, index: 237
TextureFX registered: TextureHDLavaFX@5ee32482, texId: 26, index: 237
TextureFX removed: bdm@5f057ce1, texId: 26, index: 205
TextureFX registered: TextureHDWaterFX@12720379, texId: 26, index: 205
TextureFX removed: bdk@6149c883, texId: 26, index: 14
TextureFX registered: TextureHDPortalFX@7b420664, texId: 26, index: 14
TextureFX removed: bdl@580b4322, texId: 26, index: 206
TextureFX registered: TextureHDWaterFlowFX@2bb1ce74, texId: 26, index: 206
TextureFX removed: bdi@4b649a56, texId: 26, index: 238
TextureFX registered: TextureHDLavaFlowFX@365dfe61, texId: 26, index: 238
TextureFX removed: bdh@39d0aac5, texId: 26, index: 31
TextureFX registered: TextureHDFlamesFX@54e7ae29, texId: 26, index: 31
TextureFX removed: bdh@327b892a, texId: 26, index: 47
TextureFX registered: TextureHDFlamesFX@365b314b, texId: 26, index: 47
TextureFX removed: bdf@6b573c5, texId: 27, index: 54
TextureFX registered: TextureHDCompassFX@42dc341c, texId: 27, index: 54
TextureFX removed: bde@591cee73, texId: 27, index: 70
TextureFX registered: TextureHDWatchFX@3ba2720f, texId: 27, index: 70
Loading custom colors: /misc/grasscolor.png
Loading custom colors: /misc/foliagecolor.png
TextureFX registered: buildcraft.energy.render.TextureOilFX@3116e787, texId: 29, index: 205
TextureFX registered: buildcraft.energy.render.TextureFuelFX@56ba693e, texId: 30, index: 0
TextureFX registered: buildcraft.energy.render.TextureOilFlowFX@685391ed, texId: 29, index: 206
TextureFX registered: thermalexpansion.core.render.TextureRedstoneFX@1ad5e994, texId: 145, index: 0
TextureFX registered: thermalexpansion.core.render.TextureRedstoneFX@51da014f, texId: 145, index: 1
TextureFX registered: thermalexpansion.core.render.TextureRedstoneFX@3f8c1384, texId: 145, index: 2
TextureFX registered: thermalexpansion.core.render.TextureRedstoneFX@5555fb4, texId: 145, index: 3
TextureFX registered: thermalexpansion.core.render.TextureRedstoneFX@27fe2528, texId: 145, index: 4
TextureFX registered: thermalexpansion.core.render.TextureRedstoneFX@1e39799b, texId: 145, index: 5
TextureFX registered: thermalexpansion.core.render.TextureRedstoneFX@4f5ebe9d, texId: 145, index: 6
TextureFX registered: thermalexpansion.core.render.TextureRedstoneFX@55345e20, texId: 145, index: 7
TextureFX registered: thermalexpansion.core.render.TextureRedstoneFX@610fb293, texId: 145, index: 8
TextureFX registered: thermalexpansion.core.render.TextureRedstoneFX@4d9502ad, texId: 145, index: 9
TextureFX registered: thermalexpansion.core.render.TextureRedstoneFX@71e2d3a5, texId: 145, index: 10
TextureFX registered: thermalexpansion.core.render.TextureRedstoneFX@62b5300c, texId: 145, index: 11
TextureFX registered: thermalexpansion.core.render.TextureRedstoneFX@65659674, texId: 145, index: 12
TextureFX registered: thermalexpansion.core.render.TextureRedstoneFX@7078cdad, texId: 145, index: 13
TextureFX registered: thermalexpansion.core.render.TextureRedstoneFX@b07528b, texId: 145, index: 14
TextureFX registered: thermalexpansion.core.render.TextureRedstoneFX@dbc2955, texId: 145, index: 15
TextureFX registered: thermalexpansion.core.render.TextureEnderFX@4b9921b4, texId: 145, index: 128
TextureFX registered: forestry.core.render.TextureBiomassFX@22c499c8, texId: 287, index: 13
TextureFX registered: forestry.core.render.TextureBiofuelFX@3e410d8b, texId: 287, index: 12
TextureFX registered: forestry.core.render.TextureMilkFX@79f6d42, texId: 287, index: 15
TextureFX registered: forestry.core.render.TextureHoneyFX@183c7ab6, texId: 287, index: 76
TextureFX registered: forestry.core.render.TextureSeedOilFX@2594271e, texId: 287, index: 74
TextureFX registered: forestry.core.render.TextureJuiceFX@29b7a609, texId: 287, index: 75
TextureFX registered: forestry.core.render.TextureMeadFX@16c174d, texId: 287, index: 77
TextureFX registered: forestry.core.render.TextureGlassFX@6ce8fe8b, texId: 287, index: 49
TextureFX registered: forestry.core.render.TextureIceFX@6e65dd47, texId: 287, index: 73
TextureFX registered: forestry.core.render.TextureHabitatLocatorFX@21ff056, texId: 60, index: 105
TextureFX registered: com.eloraam.redpower.core.TextureAnimFX@71f21fc1, texId: 94, index: 239
TextureFX registered: dan200.computer.client.TextureComputerFX@4f02f258, texId: 42, index: 25
TextureFX registered: railcraft.client.textureFX.TextureSteamFX@4a7497ee, texId: 291, index: 16
TextureFX registered: mekanism.client.TextureAnimatedFX@2ca2b072, texId: 73, index: 241
TextureFX registered: thaumcraft.client.fx.FXAnimatedLava@6cee2342, texId: 112, index: 18
TextureFX registered: mekanism.client.TextureAnimatedFX@64cf9ed, texId: 73, index: 242
TextureFX registered: mekanism.client.TextureAnimatedFX@27ac39d6, texId: 73, index: 243
TextureFX registered: thaumcraft.client.fx.FXAnimatedInfusedOre@1c0924f3, texId: 112, index: 22
TextureFX registered: com.eloraam.redpower.core.TextureAnimFX@738137b8, texId: 94, index: 255
TextureFX registered: thaumcraft.client.fx.FXAnimatedPotion@28714c46, texId: 113, index: 177
TextureFX registered: railcraft.client.textureFX.TextureCreosoteOilFX@4e00ab6b, texId: 291, index: 0
TextureFX registered: mekanism.client.TextureAnimatedFX@df625cf, texId: 73, index: 246
TextureFX registered: thaumcraft.client.fx.FXAnimatedTexture@1b2c4032, texId: 113, index: 210
TextureFX registered: mekanism.client.TextureAnimatedFX@762aa08d, texId: 73, index: 245
TextureFX registered: mekanism.client.TextureAnimatedFX@4c155c72, texId: 73, index: 244
TextureFX registered: thaumcraft.client.fx.FXAnimatedTexture@685bdd9f, texId: 112, index: 15
TextureFX registered: dan200.computer.client.TextureComputerFX@6733273f, texId: 42, index: 20
TextureFX registered: mekanism.client.TextureAnimatedFX@4f55ce07, texId: 73, index: 248
TextureFX registered: thaumcraft.client.fx.FXAnimatedTexture@a495642, texId: 113, index: 67
TextureFX registered: mekanism.client.TextureAnimatedFX@54be0c54, texId: 73, index: 247
